0 info it worked if it ends with ok
1 verbose cli [ 'D:\\Softwares\\nodejs\\\\node.exe',
1 verbose cli   'D:\\Softwares\\nodejs\\node_modules\\npm\\bin\\npm-cli.js',
1 verbose cli   'install' ]
2 info using npm@1.4.3
3 info using node@v0.10.26
4 verbose node symlink D:\Softwares\nodejs\\node.exe
5 verbose readDependencies using package.json deps
6 verbose install where, deps [ 'D:\\Samples\\express-backbone-boilerplate-master',
6 verbose install   [ 'express',
6 verbose install     'jade',
6 verbose install     'mongoose',
6 verbose install     'sendgrid',
6 verbose install     'passport',
6 verbose install     'passport-local',
6 verbose install     'passport-facebook',
6 verbose install     'bcrypt-nodejs',
6 verbose install     'crypto',
6 verbose install     'mongoose-validator',
6 verbose install     'connect-flash',
6 verbose install     'consolidate',
6 verbose install     'monq',
6 verbose install     'hbs',
6 verbose install     'ejs' ] ]
7 info preinstall application-name@0.0.1
8 warn package.json crypto@0.0.3 crypto is also the name of a node core module.
9 verbose readDependencies using package.json deps
10 verbose already installed skipping express@3.4.7 D:\Samples\express-backbone-boilerplate-master
11 verbose already installed skipping jade@* D:\Samples\express-backbone-boilerplate-master
12 verbose already installed skipping mongoose@* D:\Samples\express-backbone-boilerplate-master
13 verbose already installed skipping sendgrid@1.0.0-rc.1.0 D:\Samples\express-backbone-boilerplate-master
14 verbose already installed skipping passport@0.2.0 D:\Samples\express-backbone-boilerplate-master
15 verbose already installed skipping passport-local@0.1.6 D:\Samples\express-backbone-boilerplate-master
16 verbose already installed skipping passport-facebook@* D:\Samples\express-backbone-boilerplate-master
17 verbose cache add [ 'bcrypt-nodejs@0.0.3', null ]
18 verbose cache add name=undefined spec="bcrypt-nodejs@0.0.3" args=["bcrypt-nodejs@0.0.3",null]
19 verbose parsed url { protocol: null,
19 verbose parsed url   slashes: null,
19 verbose parsed url   auth: null,
19 verbose parsed url   host: null,
19 verbose parsed url   port: null,
19 verbose parsed url   hostname: null,
19 verbose parsed url   hash: null,
19 verbose parsed url   search: null,
19 verbose parsed url   query: null,
19 verbose parsed url   pathname: 'bcrypt-nodejs@0.0.3',
19 verbose parsed url   path: 'bcrypt-nodejs@0.0.3',
19 verbose parsed url   href: 'bcrypt-nodejs@0.0.3' }
20 verbose cache add name="bcrypt-nodejs" spec="0.0.3" args=["bcrypt-nodejs","0.0.3"]
21 verbose parsed url { protocol: null,
21 verbose parsed url   slashes: null,
21 verbose parsed url   auth: null,
21 verbose parsed url   host: null,
21 verbose parsed url   port: null,
21 verbose parsed url   hostname: null,
21 verbose parsed url   hash: null,
21 verbose parsed url   search: null,
21 verbose parsed url   query: null,
21 verbose parsed url   pathname: '0.0.3',
21 verbose parsed url   path: '0.0.3',
21 verbose parsed url   href: '0.0.3' }
22 verbose addNamed [ 'bcrypt-nodejs', '0.0.3' ]
23 verbose addNamed [ '0.0.3', '0.0.3' ]
24 verbose already installed skipping crypto@* D:\Samples\express-backbone-boilerplate-master
25 verbose already installed skipping mongoose-validator@0.2.2 D:\Samples\express-backbone-boilerplate-master
26 verbose already installed skipping connect-flash@* D:\Samples\express-backbone-boilerplate-master
27 verbose already installed skipping consolidate@0.10.0 D:\Samples\express-backbone-boilerplate-master
28 verbose already installed skipping monq@0.2.1 D:\Samples\express-backbone-boilerplate-master
29 verbose already installed skipping hbs@~2.4.0 D:\Samples\express-backbone-boilerplate-master
30 verbose already installed skipping ejs@~0.8.5 D:\Samples\express-backbone-boilerplate-master
31 silly lockFile 30db234c-bcrypt-nodejs-0-0-3 bcrypt-nodejs@0.0.3
32 verbose lock bcrypt-nodejs@0.0.3 C:\Users\Hanif\AppData\Roaming\npm-cache\30db234c-bcrypt-nodejs-0-0-3.lock
33 verbose url raw bcrypt-nodejs/0.0.3
34 verbose url resolving [ 'https://registry.npmjs.org/', './bcrypt-nodejs/0.0.3' ]
35 verbose url resolved https://registry.npmjs.org/bcrypt-nodejs/0.0.3
36 info trying registry request attempt 1 at 13:14:30
37 http GET https://registry.npmjs.org/bcrypt-nodejs/0.0.3
38 http 200 https://registry.npmjs.org/bcrypt-nodejs/0.0.3
39 silly registry.get cb [ 200,
39 silly registry.get   { date: 'Wed, 19 Mar 2014 07:44:35 GMT',
39 silly registry.get     server: 'CouchDB/1.5.0 (Erlang OTP/R14B04)',
39 silly registry.get     etag: '"EBYLYDOGP0OC9Z19RRFKF87DM"',
39 silly registry.get     'content-type': 'application/json',
39 silly registry.get     via: '1.1 varnish',
39 silly registry.get     'cache-control': 'max-age=1',
39 silly registry.get     'content-length': '6212',
39 silly registry.get     'accept-ranges': 'bytes',
39 silly registry.get     age: '0',
39 silly registry.get     'x-served-by': 'cache-v44-ASH, cache-sv63-SJC3',
39 silly registry.get     'x-cache': 'MISS, MISS',
39 silly registry.get     'x-cache-hits': '0, 0',
39 silly registry.get     'x-timer': 'S1395215074.974928379,VS0,VS-278,VE-162,VE259',
39 silly registry.get     vary: 'Accept',
39 silly registry.get     'keep-alive': 'timeout=10, max=50',
39 silly registry.get     connection: 'Keep-Alive' } ]
40 silly lockFile dd840248-t-nodejs-bcrypt-nodejs-0-0-3-tgz https://registry.npmjs.org/bcrypt-nodejs/-/bcrypt-nodejs-0.0.3.tgz
41 verbose lock https://registry.npmjs.org/bcrypt-nodejs/-/bcrypt-nodejs-0.0.3.tgz C:\Users\Hanif\AppData\Roaming\npm-cache\dd840248-t-nodejs-bcrypt-nodejs-0-0-3-tgz.lock
42 verbose addRemoteTarball [ 'https://registry.npmjs.org/bcrypt-nodejs/-/bcrypt-nodejs-0.0.3.tgz',
42 verbose addRemoteTarball   'c60917f26dc235661566c681061c303c2b28842b' ]
43 info retry fetch attempt 1 at 13:14:32
44 verbose fetch to= C:\Users\Hanif\AppData\Local\Temp\npm-3188-6QIDc71v\1395215072264-0.6265049388166517\tmp.tgz
45 http GET https://registry.npmjs.org/bcrypt-nodejs/-/bcrypt-nodejs-0.0.3.tgz
46 http 200 https://registry.npmjs.org/bcrypt-nodejs/-/bcrypt-nodejs-0.0.3.tgz
47 verbose tar unpack C:\Users\Hanif\AppData\Local\Temp\npm-3188-6QIDc71v\1395215072264-0.6265049388166517\tmp.tgz
48 silly lockFile 0052767a-72264-0-6265049388166517-package tar://C:\Users\Hanif\AppData\Local\Temp\npm-3188-6QIDc71v\1395215072264-0.6265049388166517\package
49 verbose lock tar://C:\Users\Hanif\AppData\Local\Temp\npm-3188-6QIDc71v\1395215072264-0.6265049388166517\package C:\Users\Hanif\AppData\Roaming\npm-cache\0052767a-72264-0-6265049388166517-package.lock
50 silly lockFile 511f69a3-72264-0-6265049388166517-tmp-tgz tar://C:\Users\Hanif\AppData\Local\Temp\npm-3188-6QIDc71v\1395215072264-0.6265049388166517\tmp.tgz
51 verbose lock tar://C:\Users\Hanif\AppData\Local\Temp\npm-3188-6QIDc71v\1395215072264-0.6265049388166517\tmp.tgz C:\Users\Hanif\AppData\Roaming\npm-cache\511f69a3-72264-0-6265049388166517-tmp-tgz.lock
52 silly gunzTarPerm modes [ '755', '644' ]
53 silly gunzTarPerm extractEntry package.json
54 silly gunzTarPerm modified mode [ 'package.json', 438, 420 ]
55 silly gunzTarPerm extractEntry .npmignore
56 silly gunzTarPerm modified mode [ '.npmignore', 438, 420 ]
57 silly gunzTarPerm extractEntry README.md
58 silly gunzTarPerm modified mode [ 'README.md', 438, 420 ]
59 silly gunzTarPerm extractEntry LICENSE
60 silly gunzTarPerm modified mode [ 'LICENSE', 438, 420 ]
61 silly gunzTarPerm extractEntry bCrypt.js
62 silly gunzTarPerm modified mode [ 'bCrypt.js', 438, 420 ]
63 silly gunzTarPerm extractEntry test-async.js
64 silly gunzTarPerm modified mode [ 'test-async.js', 438, 420 ]
65 silly gunzTarPerm extractEntry test-sync.js
66 silly gunzTarPerm modified mode [ 'test-sync.js', 438, 420 ]
67 silly gunzTarPerm extractEntry .gitattributes
68 silly gunzTarPerm modified mode [ '.gitattributes', 438, 420 ]
69 silly lockFile 0052767a-72264-0-6265049388166517-package tar://C:\Users\Hanif\AppData\Local\Temp\npm-3188-6QIDc71v\1395215072264-0.6265049388166517\package
70 silly lockFile 0052767a-72264-0-6265049388166517-package tar://C:\Users\Hanif\AppData\Local\Temp\npm-3188-6QIDc71v\1395215072264-0.6265049388166517\package
71 silly lockFile 511f69a3-72264-0-6265049388166517-tmp-tgz tar://C:\Users\Hanif\AppData\Local\Temp\npm-3188-6QIDc71v\1395215072264-0.6265049388166517\tmp.tgz
72 silly lockFile 511f69a3-72264-0-6265049388166517-tmp-tgz tar://C:\Users\Hanif\AppData\Local\Temp\npm-3188-6QIDc71v\1395215072264-0.6265049388166517\tmp.tgz
73 verbose tar pack [ 'C:\\Users\\Hanif\\AppData\\Roaming\\npm-cache\\bcrypt-nodejs\\0.0.3\\package.tgz',
73 verbose tar pack   'C:\\Users\\Hanif\\AppData\\Local\\Temp\\npm-3188-6QIDc71v\\1395215072264-0.6265049388166517\\package' ]
74 verbose tarball C:\Users\Hanif\AppData\Roaming\npm-cache\bcrypt-nodejs\0.0.3\package.tgz
75 verbose folder C:\Users\Hanif\AppData\Local\Temp\npm-3188-6QIDc71v\1395215072264-0.6265049388166517\package
76 silly lockFile 0052767a-72264-0-6265049388166517-package tar://C:\Users\Hanif\AppData\Local\Temp\npm-3188-6QIDc71v\1395215072264-0.6265049388166517\package
77 verbose lock tar://C:\Users\Hanif\AppData\Local\Temp\npm-3188-6QIDc71v\1395215072264-0.6265049388166517\package C:\Users\Hanif\AppData\Roaming\npm-cache\0052767a-72264-0-6265049388166517-package.lock
78 silly lockFile fe627f71--bcrypt-nodejs-0-0-3-package-tgz tar://C:\Users\Hanif\AppData\Roaming\npm-cache\bcrypt-nodejs\0.0.3\package.tgz
79 verbose lock tar://C:\Users\Hanif\AppData\Roaming\npm-cache\bcrypt-nodejs\0.0.3\package.tgz C:\Users\Hanif\AppData\Roaming\npm-cache\fe627f71--bcrypt-nodejs-0-0-3-package-tgz.lock
80 silly lockFile 0052767a-72264-0-6265049388166517-package tar://C:\Users\Hanif\AppData\Local\Temp\npm-3188-6QIDc71v\1395215072264-0.6265049388166517\package
81 silly lockFile 0052767a-72264-0-6265049388166517-package tar://C:\Users\Hanif\AppData\Local\Temp\npm-3188-6QIDc71v\1395215072264-0.6265049388166517\package
82 silly lockFile fe627f71--bcrypt-nodejs-0-0-3-package-tgz tar://C:\Users\Hanif\AppData\Roaming\npm-cache\bcrypt-nodejs\0.0.3\package.tgz
83 silly lockFile fe627f71--bcrypt-nodejs-0-0-3-package-tgz tar://C:\Users\Hanif\AppData\Roaming\npm-cache\bcrypt-nodejs\0.0.3\package.tgz
84 silly lockFile 58dea8a1-ache-bcrypt-nodejs-0-0-3-package C:\Users\Hanif\AppData\Roaming\npm-cache\bcrypt-nodejs\0.0.3\package
85 verbose lock C:\Users\Hanif\AppData\Roaming\npm-cache\bcrypt-nodejs\0.0.3\package C:\Users\Hanif\AppData\Roaming\npm-cache\58dea8a1-ache-bcrypt-nodejs-0-0-3-package.lock
86 silly lockFile 58dea8a1-ache-bcrypt-nodejs-0-0-3-package C:\Users\Hanif\AppData\Roaming\npm-cache\bcrypt-nodejs\0.0.3\package
87 silly lockFile 58dea8a1-ache-bcrypt-nodejs-0-0-3-package C:\Users\Hanif\AppData\Roaming\npm-cache\bcrypt-nodejs\0.0.3\package
88 verbose tar unpack C:\Users\Hanif\AppData\Roaming\npm-cache\bcrypt-nodejs\0.0.3\package.tgz
89 silly lockFile db418f3a-ache-bcrypt-nodejs-0-0-3-package tar://C:\Users\Hanif\AppData\Roaming\npm-cache\bcrypt-nodejs\0.0.3\package
90 verbose lock tar://C:\Users\Hanif\AppData\Roaming\npm-cache\bcrypt-nodejs\0.0.3\package C:\Users\Hanif\AppData\Roaming\npm-cache\db418f3a-ache-bcrypt-nodejs-0-0-3-package.lock
91 silly lockFile fe627f71--bcrypt-nodejs-0-0-3-package-tgz tar://C:\Users\Hanif\AppData\Roaming\npm-cache\bcrypt-nodejs\0.0.3\package.tgz
92 verbose lock tar://C:\Users\Hanif\AppData\Roaming\npm-cache\bcrypt-nodejs\0.0.3\package.tgz C:\Users\Hanif\AppData\Roaming\npm-cache\fe627f71--bcrypt-nodejs-0-0-3-package-tgz.lock
93 silly gunzTarPerm modes [ '755', '644' ]
94 silly gunzTarPerm extractEntry package.json
95 silly gunzTarPerm modified mode [ 'package.json', 438, 420 ]
96 silly gunzTarPerm extractEntry .npmignore
97 silly gunzTarPerm modified mode [ '.npmignore', 438, 420 ]
98 silly gunzTarPerm extractEntry README.md
99 silly gunzTarPerm modified mode [ 'README.md', 438, 420 ]
100 silly gunzTarPerm extractEntry LICENSE
101 silly gunzTarPerm modified mode [ 'LICENSE', 438, 420 ]
102 silly gunzTarPerm extractEntry bCrypt.js
103 silly gunzTarPerm modified mode [ 'bCrypt.js', 438, 420 ]
104 silly gunzTarPerm extractEntry test-async.js
105 silly gunzTarPerm modified mode [ 'test-async.js', 438, 420 ]
106 silly gunzTarPerm extractEntry test-sync.js
107 silly gunzTarPerm modified mode [ 'test-sync.js', 438, 420 ]
108 silly gunzTarPerm extractEntry .gitattributes
109 silly gunzTarPerm modified mode [ '.gitattributes', 438, 420 ]
110 silly lockFile db418f3a-ache-bcrypt-nodejs-0-0-3-package tar://C:\Users\Hanif\AppData\Roaming\npm-cache\bcrypt-nodejs\0.0.3\package
111 silly lockFile db418f3a-ache-bcrypt-nodejs-0-0-3-package tar://C:\Users\Hanif\AppData\Roaming\npm-cache\bcrypt-nodejs\0.0.3\package
112 silly lockFile fe627f71--bcrypt-nodejs-0-0-3-package-tgz tar://C:\Users\Hanif\AppData\Roaming\npm-cache\bcrypt-nodejs\0.0.3\package.tgz
113 silly lockFile fe627f71--bcrypt-nodejs-0-0-3-package-tgz tar://C:\Users\Hanif\AppData\Roaming\npm-cache\bcrypt-nodejs\0.0.3\package.tgz
114 verbose chmod C:\Users\Hanif\AppData\Roaming\npm-cache\bcrypt-nodejs\0.0.3\package.tgz 644
115 silly chown skipping for windows C:\Users\Hanif\AppData\Roaming\npm-cache\bcrypt-nodejs\0.0.3\package.tgz
116 silly lockFile dd840248-t-nodejs-bcrypt-nodejs-0-0-3-tgz https://registry.npmjs.org/bcrypt-nodejs/-/bcrypt-nodejs-0.0.3.tgz
117 silly lockFile dd840248-t-nodejs-bcrypt-nodejs-0-0-3-tgz https://registry.npmjs.org/bcrypt-nodejs/-/bcrypt-nodejs-0.0.3.tgz
118 silly lockFile 30db234c-bcrypt-nodejs-0-0-3 bcrypt-nodejs@0.0.3
119 silly lockFile 30db234c-bcrypt-nodejs-0-0-3 bcrypt-nodejs@0.0.3
120 silly resolved [ { name: 'bcrypt-nodejs',
120 silly resolved     description: 'A native JS bcrypt library for NodeJS.',
120 silly resolved     main: './bCrypt',
120 silly resolved     author: { name: 'Shane Girish', email: 'shaneGirish@gmail.com' },
120 silly resolved     version: '0.0.3',
120 silly resolved     repository:
120 silly resolved      { type: 'git',
120 silly resolved        url: 'https://github.com/shaneGirish/bcryptJS.git' },
120 silly resolved     bugs: { url: 'https://github.com/shaneGirish/bcrypt-nodejs/issues' },
120 silly resolved     contributors: [ [Object], [Object], [Object] ],
120 silly resolved     keywords:
120 silly resolved      [ 'bcrypt',
120 silly resolved        'javascript',
120 silly resolved        'js',
120 silly resolved        'hash',
120 silly resolved        'password',
120 silly resolved        'auth',
120 silly resolved        'authentication',
120 silly resolved        'encryption',
120 silly resolved        'crypt',
120 silly resolved        'crypto' ],
120 silly resolved     readme: 'bcrypt-nodejs\r\n===========================================\r\n\r\nWarning : A change was made in v0.0.3 to allow encoding of UTF-8 encoded strings. This causes strings encoded in v0.0.2 or earlier to not work in v0.0.3 anymore.\r\n\r\nNative JS implementation of BCrypt for Node.\r\nHas the same functionality as [node.bcrypt.js] expect for a few tiny differences.\r\nMainly, it doesn\'t let you set the seed length for creating the random byte array.\r\n\r\nI created this version due to a small [problem](https://github.com/ncb000gt/node.bcrypt.js/issues/102) I faced with [node.bcrypt.js].\r\nBasically, to deploy one of my apps which uses [node.bcrypt.js] on a winx64 platform, I have to force the user to download about 1.6gb of sdks, buildtools and other requirements of which some fail to install ! Microsoft :(\r\n\r\nThis code is based on [javascript-bcrypt] and uses [crypto] (http://nodejs.org/api/crypto.html) to create random byte arrays.\r\n\r\nBasic usage:\r\n-----------\r\nSynchronous\r\n```\r\nvar hash = bcrypt.hashSync("bacon");\r\n\r\nbcrypt.compareSync("bacon", hash); // true\r\nbcrypt.compareSync("veggies", hash); // false\r\n```\r\n\r\nAsynchronous\r\n```\r\nbcrypt.hash("bacon", null, null, function(err, hash) {\r\n\t// Store hash in your password DB.\r\n});\r\n\r\n// Load hash from your password DB.\r\nbcrypt.compare("bacon", hash, function(err, res) {\r\n    // res == true\r\n});\r\nbcrypt.compare("veggies", hash, function(err, res) {\r\n    // res = false\r\n});\r\n```\r\n\r\nIn the above examples, the salt is automatically generated and attached to the hash.\r\nThough you can use your custom salt and there is no need for salts to be persisted as it will always be included in the final hash result and can be retrieved.\r\n\r\nAPI\r\n-------------------------\r\n* `genSaltSync(rounds)`\r\n\t* `rounds` - [OPTIONAL] - the number of rounds to process the data for. (default - 10)\r\n* `genSalt(rounds, callback)`\r\n\t* `rounds` - [OPTIONAL] - the number of rounds to process the data for. (default - 10)\r\n\t* `callback` - [REQUIRED] - a callback to be fired once the salt has been generated.\r\n\t\t* `error` - First parameter to the callback detailing any errors.\r\n\t\t* `result` - Second parameter to the callback providing the generated salt.\r\n* `hashSync(data, salt)`\r\n\t* `data` - [REQUIRED] - the data to be encrypted.\r\n\t* `salt` - [REQUIRED] - the salt to be used in encryption.\r\n* `hash(data, salt, progress, cb)`\r\n\t* `data` - [REQUIRED] - the data to be encrypted.\r\n\t* `salt` - [REQUIRED] - the salt to be used to hash the password.\r\n\t* `progress` - a callback to be called during the hash calculation to signify progress\r\n\t* `callback` - [REQUIRED] - a callback to be fired once the data has been encrypted.\r\n\t\t* `error` - First parameter to the callback detailing any errors.\r\n\t\t* `result` - Second parameter to the callback providing the encrypted form.\r\n* `compareSync(data, encrypted)`\r\n\t* `data` - [REQUIRED] - data to compare.\r\n\t* `encrypted` - [REQUIRED] - data to be compared to.\r\n* `compare(data, encrypted, cb)`\r\n\t* `data` - [REQUIRED] - data to compare.\r\n\t* `encrypted` - [REQUIRED] - data to be compared to.\r\n\t* `callback` - [REQUIRED] - a callback to be fired once the data has been compared.\r\n\t\t* `error` - First parameter to the callback detailing any errors.\r\n\t\t* `result` - Second parameter to the callback providing whether the data and encrypted forms match [true | false].\r\n* `getRounds(encrypted)` - return the number of rounds used to encrypt a given hash\r\n\t* `encrypted` - [REQUIRED] - hash from which the number of rounds used should be extracted.\r\n\t\r\nContributors\r\n============\r\n\r\n* [Alex Murray][alexmurray]\r\n* [Nicolas Pelletier][NicolasPelletier]\r\n* [Josh Rogers][geekymole]\t\r\n\t\r\nCredits\r\n-------------------------\r\nI heavily reused code from [javascript-bcrypt]. Though "Clipperz Javascript Crypto Library" was removed and its functionality replaced with "crypto".\r\n\r\n[node.bcrypt.js]:https://github.com/ncb000gt/node.bcrypt.js.git\r\n[javascript-bcrypt]:http://code.google.com/p/javascript-bcrypt/\r\n\r\n[alexmurray]:https://github.com/alexmurray\r\n[NicolasPelletier]:https://github.com/NicolasPelletier\r\n[geekymole]:https://github.com/geekymole',
120 silly resolved     readmeFilename: 'README.md',
120 silly resolved     homepage: 'https://github.com/shaneGirish/bcryptJS',
120 silly resolved     _id: 'bcrypt-nodejs@0.0.3',
120 silly resolved     dist: { shasum: 'b51473a55dcfeedb297fbecb3cdae173d3a2dc4c' },
120 silly resolved     _from: 'bcrypt-nodejs@0.0.3',
120 silly resolved     _resolved: 'https://registry.npmjs.org/bcrypt-nodejs/-/bcrypt-nodejs-0.0.3.tgz' } ]
121 info install bcrypt-nodejs@0.0.3 into D:\Samples\express-backbone-boilerplate-master
122 info installOne bcrypt-nodejs@0.0.3
123 info D:\Samples\express-backbone-boilerplate-master\node_modules\bcrypt-nodejs unbuild
124 verbose tar unpack C:\Users\Hanif\AppData\Roaming\npm-cache\bcrypt-nodejs\0.0.3\package.tgz
125 silly lockFile c0a18386-aster-node-modules-bcrypt-nodejs tar://D:\Samples\express-backbone-boilerplate-master\node_modules\bcrypt-nodejs
126 verbose lock tar://D:\Samples\express-backbone-boilerplate-master\node_modules\bcrypt-nodejs C:\Users\Hanif\AppData\Roaming\npm-cache\c0a18386-aster-node-modules-bcrypt-nodejs.lock
127 silly lockFile fe627f71--bcrypt-nodejs-0-0-3-package-tgz tar://C:\Users\Hanif\AppData\Roaming\npm-cache\bcrypt-nodejs\0.0.3\package.tgz
128 verbose lock tar://C:\Users\Hanif\AppData\Roaming\npm-cache\bcrypt-nodejs\0.0.3\package.tgz C:\Users\Hanif\AppData\Roaming\npm-cache\fe627f71--bcrypt-nodejs-0-0-3-package-tgz.lock
129 silly gunzTarPerm modes [ '755', '644' ]
130 silly gunzTarPerm extractEntry package.json
131 silly gunzTarPerm modified mode [ 'package.json', 438, 420 ]
132 silly gunzTarPerm extractEntry .npmignore
133 silly gunzTarPerm modified mode [ '.npmignore', 438, 420 ]
134 silly gunzTarPerm extractEntry README.md
135 silly gunzTarPerm modified mode [ 'README.md', 438, 420 ]
136 silly gunzTarPerm extractEntry LICENSE
137 silly gunzTarPerm modified mode [ 'LICENSE', 438, 420 ]
138 silly gunzTarPerm extractEntry bCrypt.js
139 silly gunzTarPerm modified mode [ 'bCrypt.js', 438, 420 ]
140 silly gunzTarPerm extractEntry test-async.js
141 silly gunzTarPerm modified mode [ 'test-async.js', 438, 420 ]
142 silly gunzTarPerm extractEntry test-sync.js
143 silly gunzTarPerm modified mode [ 'test-sync.js', 438, 420 ]
144 silly gunzTarPerm extractEntry .gitattributes
145 silly gunzTarPerm modified mode [ '.gitattributes', 438, 420 ]
146 silly lockFile c0a18386-aster-node-modules-bcrypt-nodejs tar://D:\Samples\express-backbone-boilerplate-master\node_modules\bcrypt-nodejs
147 silly lockFile c0a18386-aster-node-modules-bcrypt-nodejs tar://D:\Samples\express-backbone-boilerplate-master\node_modules\bcrypt-nodejs
148 silly lockFile fe627f71--bcrypt-nodejs-0-0-3-package-tgz tar://C:\Users\Hanif\AppData\Roaming\npm-cache\bcrypt-nodejs\0.0.3\package.tgz
149 silly lockFile fe627f71--bcrypt-nodejs-0-0-3-package-tgz tar://C:\Users\Hanif\AppData\Roaming\npm-cache\bcrypt-nodejs\0.0.3\package.tgz
150 info preinstall bcrypt-nodejs@0.0.3
151 verbose readDependencies using package.json deps
152 verbose readDependencies using package.json deps
153 silly resolved []
154 verbose about to build D:\Samples\express-backbone-boilerplate-master\node_modules\bcrypt-nodejs
155 info build D:\Samples\express-backbone-boilerplate-master\node_modules\bcrypt-nodejs
156 verbose linkStuff [ false,
156 verbose linkStuff   false,
156 verbose linkStuff   false,
156 verbose linkStuff   'D:\\Samples\\express-backbone-boilerplate-master\\node_modules' ]
157 info linkStuff bcrypt-nodejs@0.0.3
158 verbose linkBins bcrypt-nodejs@0.0.3
159 verbose linkMans bcrypt-nodejs@0.0.3
160 verbose rebuildBundles bcrypt-nodejs@0.0.3
161 info install bcrypt-nodejs@0.0.3
162 info postinstall bcrypt-nodejs@0.0.3
163 info build D:\Samples\express-backbone-boilerplate-master
164 verbose linkStuff [ false, false, false, 'D:\\Samples' ]
165 info linkStuff application-name@0.0.1
166 verbose linkBins application-name@0.0.1
167 verbose linkMans application-name@0.0.1
168 verbose rebuildBundles application-name@0.0.1
169 verbose rebuildBundles [ '.bin',
169 verbose rebuildBundles   'bcrypt',
169 verbose rebuildBundles   'bcrypt-nodejs',
169 verbose rebuildBundles   'connect-flash',
169 verbose rebuildBundles   'consolidate',
169 verbose rebuildBundles   'crypto',
169 verbose rebuildBundles   'ejs',
169 verbose rebuildBundles   'express',
169 verbose rebuildBundles   'hbs',
169 verbose rebuildBundles   'jade',
169 verbose rebuildBundles   'mongoose',
169 verbose rebuildBundles   'mongoose-validator',
169 verbose rebuildBundles   'monq',
169 verbose rebuildBundles   'passport',
169 verbose rebuildBundles   'passport-facebook',
169 verbose rebuildBundles   'passport-local',
169 verbose rebuildBundles   'sendgrid' ]
170 verbose rebuild bundle D:\Samples\express-backbone-boilerplate-master\node_modules\bcrypt
171 info build D:\Samples\express-backbone-boilerplate-master\node_modules\bcrypt
172 info preinstall bcrypt@0.7.7
173 verbose linkStuff [ false,
173 verbose linkStuff   false,
173 verbose linkStuff   false,
173 verbose linkStuff   'D:\\Samples\\express-backbone-boilerplate-master\\node_modules' ]
174 info linkStuff bcrypt@0.7.7
175 verbose linkBins bcrypt@0.7.7
176 verbose linkMans bcrypt@0.7.7
177 verbose rebuildBundles bcrypt@0.7.7
178 verbose rebuildBundles [ 'bindings' ]
179 info install bcrypt@0.7.7
180 verbose unsafe-perm in lifecycle true
181 info bcrypt@0.7.7 Failed to exec install script
182 error bcrypt@0.7.7 install: `node-gyp rebuild`
182 error Exit status 1
183 error Failed at the bcrypt@0.7.7 install script.
183 error This is most likely a problem with the bcrypt package,
183 error not with npm itself.
183 error Tell the author that this fails on your system:
183 error     node-gyp rebuild
183 error You can get their info via:
183 error     npm owner ls bcrypt
183 error There is likely additional logging output above.
184 error System Windows_NT 6.1.7600
185 error command "D:\\Softwares\\nodejs\\\\node.exe" "D:\\Softwares\\nodejs\\node_modules\\npm\\bin\\npm-cli.js" "install"
186 error cwd D:\Samples\express-backbone-boilerplate-master
187 error node -v v0.10.26
188 error npm -v 1.4.3
189 error code ELIFECYCLE
190 verbose exit [ 1, true ]
